2025-12-02 16:29:38,377 - INFO - === File Watcher avviato - Monitoraggio cartella md/ ===
2025-12-02 16:32:16,384 - INFO - === File Watcher avviato - Monitoraggio cartella md/ ===
2025-12-02 16:34:03,439 - INFO - === File Watcher avviato - Monitoraggio cartella md/ ===
2025-12-02 16:34:35,834 - INFO - File modificato: 01.12.2025 - FReC - Modello ISO-OSI.md
2025-12-02 16:34:35,835 - INFO - File modificato: 01.12.2025 - FReC - Modello ISO-OSI.md
2025-12-02 16:34:35,837 - INFO - File modificato: 01.12.2025 - FReC - Modello ISO-OSI.md
2025-12-02 16:34:36,090 - INFO - Rigenerazione HTML in corso...
2025-12-02 16:34:36,177 - INFO - ✓ HTML rigenerato con successo
2025-12-02 16:37:29,384 - INFO - === File Watcher avviato - Monitoraggio cartella md/ ===
2025-12-02 16:41:00,356 - INFO - === File Watcher avviato - Monitoraggio cartella md/ ===
2025-12-04 11:12:40,374 - INFO - === File Watcher avviato - Monitoraggio cartella md/ ===
2025-12-04 11:13:37,683 - INFO - File eliminato: 01.12.2025 - FReC - Modello ISO-OSI.md
2025-12-04 11:13:37,685 - INFO - File eliminato: 25.11.2025 - F. di Reti e Calcolatori.md
2025-12-04 11:13:37,941 - INFO - Rigenerazione HTML in corso...
2025-12-04 11:13:38,095 - INFO - ✓ HTML rigenerato con successo
2025-12-04 11:13:40,526 - INFO - File eliminato: 02.12.2025 - Sicurezza Informatica.md
2025-12-04 11:13:40,528 - INFO - File eliminato: 25.11.2025 - Sicurezza Informatica.md
2025-12-04 11:13:40,787 - INFO - Rigenerazione HTML in corso...
2025-12-04 11:13:40,875 - INFO - ✓ HTML rigenerato con successo
2025-12-04 11:14:33,417 - INFO - === File Watcher avviato - Monitoraggio cartella md/ ===
2025-12-04 11:15:41,361 - INFO - File creato: Project.md
2025-12-04 11:15:41,361 - INFO - File creato: Project.md
2025-12-04 11:15:41,361 - INFO - File modificato: Project.md
2025-12-04 11:15:41,628 - INFO - Rigenerazione HTML in corso...
2025-12-04 11:15:41,780 - INFO - ✓ HTML rigenerato con successo
2025-12-04 11:15:44,262 - INFO - File modificato: Project.md
2025-12-04 11:15:44,264 - INFO - File modificato: Project.md
2025-12-04 11:15:44,515 - INFO - Rigenerazione HTML in corso...
2025-12-04 11:15:44,612 - INFO - ✓ HTML rigenerato con successo
